{
  "RSpec": {
    "coverage": {
      "/home/victor/workspace/campuscode/exercises/social-recipes/app/models/user.rb": [
        1,
        null,
        null,
        1,
        null,
        null,
        1,
        1,
        1,
        null
      ],
      "/home/victor/workspace/campuscode/exercises/social-recipes/app/models/admin.rb": [
        1,
        null,
        null,
        1,
        null,
        null
      ],
      "/home/victor/workspace/campuscode/exercises/social-recipes/app/helpers/application_helper.rb": [
        1,
        null
      ],
      "/home/victor/workspace/campuscode/exercises/social-recipes/app/controllers/application_controller.rb": [
        1,
        null,
        1,
        1,
        1,
        1,
        null,
        1,
        188,
        null,
        null,
        null,
        1,
        null
      ],
      "/home/victor/workspace/campuscode/exercises/social-recipes/lib/application_responder.rb": [
        1,
        1,
        1,
        null,
        null,
        null,
        null,
        null
      ],
      "/home/victor/workspace/campuscode/exercises/social-recipes/app/controllers/home_controller.rb": [
        1,
        1,
        51,
        51,
        51,
        51,
        51,
        null,
        null
      ],
      "/home/victor/workspace/campuscode/exercises/social-recipes/app/models/recipe.rb": [
        1,
        1,
        1,
        1,
        1,
        1,
        null,
        1,
        null,
        null,
        1,
        13,
        null,
        null
      ],
      "/home/victor/workspace/campuscode/exercises/social-recipes/app/models/kitchen.rb": [
        1,
        1,
        1,
        1,
        null
      ],
      "/home/victor/workspace/campuscode/exercises/social-recipes/app/models/food_preference.rb": [
        1,
        1,
        1,
        null
      ],
      "/home/victor/workspace/campuscode/exercises/social-recipes/app/models/food_type.rb": [
        1,
        1,
        1,
        null
      ],
      "/home/victor/workspace/campuscode/exercises/social-recipes/app/controllers/food_preferences_controller.rb": [
        1,
        1,
        1,
        null,
        1,
        null,
        null,
        1,
        2,
        null,
        null,
        1,
        2,
        2,
        null,
        null,
        1,
        null,
        1,
        2,
        null,
        null,
        1,
        2,
        null,
        null
      ],
      "/home/victor/workspace/campuscode/exercises/social-recipes/app/controllers/food_types_controller.rb": [
        1,
        1,
        1,
        null,
        1,
        null,
        null,
        1,
        2,
        null,
        null,
        1,
        2,
        2,
        null,
        null,
        1,
        null,
        1,
        2,
        null,
        null,
        1,
        2,
        null,
        null
      ],
      "/home/victor/workspace/campuscode/exercises/social-recipes/app/controllers/kitchens_controller.rb": [
        1,
        1,
        1,
        null,
        1,
        null,
        null,
        1,
        2,
        null,
        null,
        1,
        2,
        2,
        null,
        null,
        1,
        null,
        1,
        2,
        null,
        null,
        1,
        2,
        null,
        null
      ],
      "/home/victor/workspace/campuscode/exercises/social-recipes/app/controllers/recipes_controller.rb": [
        1,
        1,
        null,
        1,
        null,
        null,
        null,
        null,
        null,
        1,
        1,
        1,
        1,
        null,
        1,
        null,
        null,
        1,
        3,
        null,
        null,
        1,
        3,
        3,
        null,
        null,
        1,
        null,
        null,
        1,
        2,
        2,
        null,
        null,
        1,
        1,
        1,
        null,
        null,
        1,
        1,
        1,
        1,
        null,
        null,
        1,
        1,
        1,
        1,
        null,
        null,
        1,
        3,
        null,
        null,
        null,
        null,
        null,
        1,
        null,
        1,
        1,
        1,
        1,
        1,
        null,
        null,
        1,
        1,
        1,
        null,
        null,
        1,
        5,
        1,
        1,
        null,
        null,
        null,
        1,
        11,
        11,
        11,
        11,
        null,
        null,
        1,
        26,
        null,
        null,
        1,
        null,
        5,
        null,
        null,
        null,
        null
      ],
      "/home/victor/workspace/campuscode/exercises/social-recipes/app/models/user_recipe.rb": [
        1,
        null
      ],
      "/home/victor/workspace/campuscode/exercises/social-recipes/app/controllers/users/registrations_controller.rb": [
        1,
        null,
        null,
        null,
        null,
        1,
        3,
        null,
        null,
        null,
        1,
        3,
        3,
        null,
        null,
        null,
        1,
        6,
        null,
        null,
        null,
        1,
        3,
        null,
        null,
        null,
        null,
        null,
        null,
        null,
        null,
        null,
        null,
        null,
        null,
        null,
        null,
        null,
        null,
        1,
        null,
        1,
        6,
        null,
        null,
        1,
        3,
        null,
        null,
        1,
        null,
        1,
        3,
        null,
        null,
        null,
        null,
        1,
        2,
        null,
        null,
        null,
        null,
        null,
        null,
        null
      ],
      "/home/victor/workspace/campuscode/exercises/social-recipes/app/models/kitchens_user.rb": [
        1,
        null
      ],
      "/home/victor/workspace/campuscode/exercises/social-recipes/app/controllers/users/omniauth_callbacks_controller.rb": [
        0,
        0,
        0,
        0,
        0,
        0,
        0,
        0,
        0,
        0,
        0,
        0,
        0,
        0,
        0,
        0,
        0,
        0,
        0,
        0,
        0,
        0,
        0,
        0,
        0,
        0,
        0,
        0
      ],
      "/home/victor/workspace/campuscode/exercises/social-recipes/app/controllers/users/sessions_controller.rb": [
        0,
        0,
        0,
        0,
        0,
        0,
        0,
        0,
        0,
        0,
        0,
        0,
        0,
        0,
        0,
        0,
        0,
        0,
        0,
        0,
        0,
        0,
        0,
        0,
        0
      ],
      "/home/victor/workspace/campuscode/exercises/social-recipes/app/controllers/users/unlocks_controller.rb": [
        0,
        0,
        0,
        0,
        0,
        0,
        0,
        0,
        0,
        0,
        0,
        0,
        0,
        0,
        0,
        0,
        0,
        0,
        0,
        0,
        0,
        0,
        0,
        0,
        0,
        0,
        0,
        0
      ],
      "/home/victor/workspace/campuscode/exercises/social-recipes/app/controllers/users/passwords_controller.rb": [
        0,
        0,
        0,
        0,
        0,
        0,
        0,
        0,
        0,
        0,
        0,
        0,
        0,
        0,
        0,
        0,
        0,
        0,
        0,
        0,
        0,
        0,
        0,
        0,
        0,
        0,
        0,
        0,
        0,
        0,
        0,
        0
      ],
      "/home/victor/workspace/campuscode/exercises/social-recipes/app/controllers/users/confirmations_controller.rb": [
        0,
        0,
        0,
        0,
        0,
        0,
        0,
        0,
        0,
        0,
        0,
        0,
        0,
        0,
        0,
        0,
        0,
        0,
        0,
        0,
        0,
        0,
        0,
        0,
        0,
        0,
        0,
        0
      ]
    },
    "timestamp": 1455126949
  }
}
