{
  "RSpec": {
    "coverage": {
      "/home/victor/workspace/campuscode/exercises/social-recipes/app/helpers/application_helper.rb": [
        1,
        null
      ],
      "/home/victor/workspace/campuscode/exercises/social-recipes/app/models/food_preference.rb": [
        1,
        1,
        null
      ],
      "/home/victor/workspace/campuscode/exercises/social-recipes/app/models/food_type.rb": [
        1,
        1,
        null
      ],
      "/home/victor/workspace/campuscode/exercises/social-recipes/app/models/kitchen.rb": [
        1,
        1,
        null
      ],
      "/home/victor/workspace/campuscode/exercises/social-recipes/app/models/recipe.rb": [
        1,
        1,
        1,
        1,
        1,
        null,
        1,
        null
      ],
      "/home/victor/workspace/campuscode/exercises/social-recipes/app/controllers/recipes_controller.rb": [
        1,
        1,
        1,
        null,
        1,
        null,
        null,
        1,
        2,
        null,
        null,
        1,
        2,
        2,
        null,
        null,
        1,
        null,
        1,
        4,
        4,
        4,
        4,
        null,
        null,
        1,
        1,
        null,
        null,
        1,
        null,
        2,
        null,
        null,
        null,
        null
      ],
      "/home/victor/workspace/campuscode/exercises/social-recipes/app/controllers/application_controller.rb": [
        1,
        null,
        1,
        1,
        1,
        1,
        null,
        1,
        5,
        null,
        null,
        null,
        1,
        null
      ],
      "/home/victor/workspace/campuscode/exercises/social-recipes/lib/application_responder.rb": [
        1,
        1,
        1,
        null,
        null,
        null,
        null,
        null
      ]
    },
    "timestamp": 1454736426
  }
}
